<?xml version="1.0" encoding="UTF-8"?>
<!-- Generated by org.testng.reporters.JUnitXMLReporter -->
<testsuite ignored="5" hostname="LP-PF1VMD5G" failures="0" tests="1" name="Default test" time="39.494" errors="0" timestamp="2021-10-11T08:44:45 IST">
  <testcase classname="com.hcl.tests.Testcases" name="Login" time="4.395"/>
  <testcase classname="com.hcl.tests.Testcases" name="SearchHpLaptop" time="0.0">
    <ignored/>
  </testcase> <!-- SearchHpLaptop -->
  <testcase classname="com.hcl.tests.Testcases" name="ViewCartDetails" time="0.0">
    <ignored/>
  </testcase> <!-- ViewCartDetails -->
  <testcase classname="com.hcl.tests.Testcases" name="SearchAppleLaptop" time="0.0">
    <ignored/>
  </testcase> <!-- SearchAppleLaptop -->
  <testcase classname="com.hcl.tests.Testcases" name="AddApplelapyToCart" time="0.0">
    <ignored/>
  </testcase> <!-- AddApplelapyToCart -->
  <testcase classname="com.hcl.tests.Testcases" name="AddHpLaptopToCart" time="0.0">
    <ignored/>
  </testcase> <!-- AddHpLaptopToCart -->
</testsuite> <!-- Default test -->
