<?xml version="1.0" encoding="UTF-8"?>
<!-- Generated by org.testng.reporters.JUnitXMLReporter -->
<testsuite ignored="0" hostname="LP-PF1VMD5G" failures="1" tests="6" name="Test" time="275.611" errors="0" timestamp="2021-10-11T15:42:05 IST">
  <testcase classname="com.hcl.tests.Testcases" name="Login" time="2.708"/>
  <testcase classname="com.hcl.tests.Testcases" name="SearchHpLaptop" time="37.182">
    <failure type="org.openqa.selenium.WebDriverException" message="Unable to convert: {actions=[org.openqa.selenium.interactions.Sequence@7236204b]}">
      <![CDATA[org.openqa.selenium.WebDriverException: Unable to convert: {actions=[org.openqa.selenium.interactions.Sequence@7236204b]}
at org.openqa.selenium.json.BeanToJsonConverter.convert(BeanToJsonConverter.java:79)
at org.openqa.selenium.json.Json.toJson(Json.java:58)
at org.openqa.selenium.remote.http.AbstractHttpCommandCodec.encode(AbstractHttpCommandCodec.java:228)
at org.openqa.selenium.remote.http.AbstractHttpCommandCodec.encode(AbstractHttpCommandCodec.java:118)
at org.openqa.selenium.remote.HttpCommandExecutor.execute(HttpCommandExecutor.java:158)
at org.openqa.selenium.remote.service.DriverCommandExecutor.execute(DriverCommandExecutor.java:83)
at org.openqa.selenium.remote.RemoteWebDriver.execute(RemoteWebDriver.java:600)
at org.openqa.selenium.remote.RemoteWebDriver.perform(RemoteWebDriver.java:666)
at org.openqa.selenium.interactions.Actions$BuiltAction.perform(Actions.java:638)
at com.hcl.tests.Testcases.SearchHpLaptop(Testcases.java:86)
at java.base/java.util.concurrent.ThreadPoolExecutor.runWorker(ThreadPoolExecutor.java:1130)
at java.base/java.util.concurrent.ThreadPoolExecutor$Worker.run(ThreadPoolExecutor.java:630)
at java.base/java.lang.Thread.run(Thread.java:831)
Caused by: org.openqa.selenium.WebDriverException: Unable to convert: {actions=[org.openqa.selenium.interactions.Sequence@7236204b]}
at org.openqa.selenium.json.BeanToJsonConverter.convertObject(BeanToJsonConverter.java:98)
at org.openqa.selenium.json.BeanToJsonConverter.convert(BeanToJsonConverter.java:76)
... 24 more
Build info: version: '3.7.1', revision: '8a0099a', time: '2017-11-06T21:01:39.354Z'
System info: host: 'LP-PF1VMD5G', ip: '192.168.110.145', os.name: 'Windows 10', os.arch: 'amd64', os.version: '10.0', java.version: '16.0.2'
Driver info: driver.version: RemoteWebDriver
at org.openqa.selenium.json.BeanToJsonConverter.convertObject(BeanToJsonConverter.java:196)
at org.openqa.selenium.json.BeanToJsonConverter.convertObject(BeanToJsonConverter.java:148)
at org.openqa.selenium.json.BeanToJsonConverter.convertObject(BeanToJsonConverter.java:136)
at org.openqa.selenium.json.BeanToJsonConverter.convertObject(BeanToJsonConverter.java:96)
... 25 more
at org.openqa.selenium.json.BeanToJsonConverter.convertObject(BeanToJsonConverter.java:179)
... 28 more
Caused by: org.openqa.selenium.NoSuchElementException: no such element: Unable to locate element: {"method":"xpath","selector":"//*[@id="nav-hamburger-menu"]"}
  (Session info: chrome=94.0.4606.71)
For documentation on this error, please visit: http://seleniumhq.org/exceptions/no_such_element.html
Build info: version: '3.7.1', revision: '8a0099a', time: '2017-11-06T21:01:39.354Z'
System info: host: 'LP-PF1VMD5G', ip: '192.168.110.145', os.name: 'Windows 10', os.arch: 'amd64', os.version: '10.0', java.version: '16.0.2'
Driver info: org.openqa.selenium.chrome.ChromeDriver
Capabilities {acceptInsecureCerts: false, browserName: chrome, browserVersion: 94.0.4606.71, chrome: {chromedriverVersion: 93.0.4577.63 (ff5c0da2ec0ad..., userDataDir: C:\Users\KALYAN~1.UMA\AppDa...}, goog:chromeOptions: {debuggerAddress: localhost:49379}, javascriptEnabled: true, networkConnectionEnabled: false, pageLoadStrategy: normal, platform: WINDOWS, platformName: WINDOWS, proxy: Proxy(), setWindowRect: true, strictFileInteractability: false, timeouts: {implicit: 0, pageLoad: 300000, script: 30000}, unhandledPromptBehavior: dismiss and notify, webauthn:extension:credBlob: true, webauthn:extension:largeBlob: true, webauthn:virtualAuthenticators: true}
Session ID: 15d656f1f5ef9ce801ed3471f02e93b3
*** Element info: {Using=xpath, value=//*[@id="nav-hamburger-menu"]}
at org.openqa.selenium.remote.http.W3CHttpResponseCodec.createException(W3CHttpResponseCodec.java:187)
at org.openqa.selenium.remote.http.W3CHttpResponseCodec.decode(W3CHttpResponseCodec.java:122)
at org.openqa.selenium.remote.http.W3CHttpResponseCodec.decode(W3CHttpResponseCodec.java:49)
at org.openqa.selenium.remote.HttpCommandExecutor.execute(HttpCommandExecutor.java:164)
at org.openqa.selenium.remote.service.DriverCommandExecutor.execute(DriverCommandExecutor.java:83)
at org.openqa.selenium.remote.RemoteWebDriver.execute(RemoteWebDriver.java:600)
at org.openqa.selenium.remote.RemoteWebDriver.findElement(RemoteWebDriver.java:370)
at org.openqa.selenium.remote.RemoteWebDriver.findElementByXPath(RemoteWebDriver.java:472)
at org.openqa.selenium.By$ByXPath.findElement(By.java:361)
at org.openqa.selenium.remote.RemoteWebDriver.findElement(RemoteWebDriver.java:362)
at org.openqa.selenium.support.pagefactory.DefaultElementLocator.findElement(DefaultElementLocator.java:69)
at org.openqa.selenium.support.pagefactory.internal.LocatingElementHandler.invoke(LocatingElementHandler.java:38)
at jdk.proxy2/jdk.proxy2.$Proxy13.getWrappedElement(Unknown Source)
at org.openqa.selenium.interactions.PointerInput$Origin.asArg(PointerInput.java:203)
at org.openqa.selenium.interactions.PointerInput$Move.encode(PointerInput.java:154)
at org.openqa.selenium.interactions.Sequence.encode(Sequence.java:75)
at org.openqa.selenium.interactions.Sequence.toJson(Sequence.java:84)
... 33 more
... Removed 23 stack frames]]>
    </failure>
  </testcase> <!-- SearchHpLaptop -->
  <testcase classname="com.hcl.tests.Testcases" name="AddHpLaptopToCart" time="30.532"/>
  <testcase classname="com.hcl.tests.Testcases" name="SearchAppleLaptop" time="23.196"/>
  <testcase classname="com.hcl.tests.Testcases" name="AddApplelapyToCart" time="27.187"/>
  <testcase classname="com.hcl.tests.Testcases" name="ViewCartDetails" time="24.373"/>
</testsuite> <!-- Test -->
